Using pre-set license
Built from '2020.2/release' branch; Version is '2020.2.2f1 (068178b99f32) revision 426360'; Using compiler version '192528614'; Build Type 'Release'
OS: 'Windows 10 Home; OS build 19042.746; Version 2009; 64bit' Language: 'en' Physical Memory: 16322 MB
BatchMode: 1, IsHumanControllingUs: 0, StartBugReporterOnCrash: 0, Is64bit: 1, IsPro: 0

 COMMAND LINE ARGUMENTS:
C:\Program Files\Unity\Hub\Editor\2020.2.2f1\Editor\Unity.exe
-adb2
-batchMode
-noUpm
-name
AssetImportWorker0
-projectPath
C:/Users/Griffin/Documents/GitHub/BWPlatformer/BW Platformer
-logFile
Logs/AssetImportWorker0.log
-srvPort
50455
Successfully changed project path to: C:/Users/Griffin/Documents/GitHub/BWPlatformer/BW Platformer
C:/Users/Griffin/Documents/GitHub/BWPlatformer/BW Platformer
Using Asset Import Pipeline V2.
Refreshing native plugins compatible for Editor in 33.70 ms, found 1 plugins.
Preloading 0 native plugins for Editor in 0.00 ms.
Initialize engine version: 2020.2.2f1 (068178b99f32)
[Subsystems] Discovering subsystems at path C:/Program Files/Unity/Hub/Editor/2020.2.2f1/Editor/Data/Resources/UnitySubsystems
[Subsystems] Discovering subsystems at path C:/Users/Griffin/Documents/GitHub/BWPlatformer/BW Platformer/Assets
GfxDevice: creating device client; threaded=0
Direct3D:
    Version:  Direct3D 11.0 [level 11.1]
    Renderer: NVIDIA GeForce RTX 2060 (ID=0x1f08)
    Vendor:   
    VRAM:     5980 MB
    Driver:   27.21.14.5671
Initialize mono
Mono path[0] = 'C:/Program Files/Unity/Hub/Editor/2020.2.2f1/Editor/Data/Managed'
Mono path[1] = 'C:/Program Files/Unity/Hub/Editor/2020.2.2f1/Editor/Data/MonoBleedingEdge/lib/mono/unityjit'
Mono config path = 'C:/Program Files/Unity/Hub/Editor/2020.2.2f1/Editor/Data/MonoBleedingEdge/etc'
Using monoOptions --debugger-agent=transport=dt_socket,embedding=1,server=y,suspend=n,address=127.0.0.1:56364
Begin MonoManager ReloadAssembly
Registering precompiled unity dll's ...
Register platform support module: C:/Program Files/Unity/Hub/Editor/2020.2.2f1/Editor/Data/PlaybackEngines/WindowsStandaloneSupport/UnityEditor.WindowsStandalone.Extensions.dll
Registered in 0.001717 seconds.
Native extension for WindowsStandalone target not found
Refreshing native plugins compatible for Editor in 33.98 ms, found 1 plugins.
Preloading 0 native plugins for Editor in 0.00 ms.
Invoked RoslynAnalysisRunner static constructor.
RoslynAnalysisRunner will not be running.
RoslynAnalysisRunner has terminated.
Mono: successfully reloaded assembly
- Completed reload, in  0.907 seconds
Platform modules already initialized, skipping
Registering precompiled user dll's ...
Registered in 0.000827 seconds.
Begin MonoManager ReloadAssembly
Native extension for WindowsStandalone target not found
Refreshing native plugins compatible for Editor in 34.14 ms, found 1 plugins.
Preloading 0 native plugins for Editor in 0.00 ms.
Invoked RoslynAnalysisRunner static constructor.
RoslynAnalysisRunner will not be running.
RoslynAnalysisRunner has terminated.
Mono: successfully reloaded assembly
- Completed reload, in  0.784 seconds
Platform modules already initialized, skipping
========================================================================
Worker process is ready to serve import requests
Launched and connected shader compiler UnityShaderCompiler.exe after 0.04 seconds
Refreshing native plugins compatible for Editor in 0.30 ms, found 1 plugins.
Preloading 0 native plugins for Editor in 0.00 ms.
Unloading 1938 Unused Serialized files (Serialized files now loaded: 0)
System memory in use before: 90.9 MB.
System memory in use after: 91.0 MB.

Unloading 20 unused Assets to reduce memory usage. Loaded Objects now: 2387.
Total: 1.563000 ms (FindLiveObjects: 0.148400 ms CreateObjectMapping: 0.061200 ms MarkObjects: 1.302100 ms  DeleteObjects: 0.050600 ms)

========================================================================
Received Import Request.
  path: Assets/Animations/UI
  artifactKey: Guid(780725e33f17647419e856ea28d9036d) Importer(815301076,1909f56bfc062723c751e8b465ee728b)
Start importing Assets/Animations/UI using Guid(780725e33f17647419e856ea28d9036d) Importer(815301076,1909f56bfc062723c751e8b465ee728b)  -> (artifact id: '1c346003400194c15e6dfb61b850ce79') in 0.007952 seconds
  Import took 0.010457 seconds .

========================================================================
Received Import Request.
  Time since last request: 0.000258 seconds.
  path: Assets/Animations/UI/Black - Death Transition.anim
  artifactKey: Guid(a02fe13e56e318e4c8b133da4fcac330) Importer(815301076,1909f56bfc062723c751e8b465ee728b)
Start importing Assets/Animations/UI/Black - Death Transition.anim using Guid(a02fe13e56e318e4c8b133da4fcac330) Importer(815301076,1909f56bfc062723c751e8b465ee728b)  -> (artifact id: 'e6aa2ce80f74791b6303a09c1f01bbde') in 0.036433 seconds
  Import took 0.038627 seconds .

========================================================================
Received Import Request.
  Time since last request: 0.204650 seconds.
  path: Assets/Animations/UI/Black - Idle.anim
  artifactKey: Guid(7e2bb49daf1292e459ee9356d335561c) Importer(815301076,1909f56bfc062723c751e8b465ee728b)
Start importing Assets/Animations/UI/Black - Idle.anim using Guid(7e2bb49daf1292e459ee9356d335561c) Importer(815301076,1909f56bfc062723c751e8b465ee728b)  -> (artifact id: '753b8a5eb4b1fb892d304a54517ecd38') in 0.006357 seconds
  Import took 0.009069 seconds .

========================================================================
Received Import Request.
  Time since last request: 0.001302 seconds.
  path: Assets/Animations/UI/Black - Idle.anim
  artifactKey: Guid(7e2bb49daf1292e459ee9356d335561c) Importer(815301076,1909f56bfc062723c751e8b465ee728b)
Start importing Assets/Animations/UI/Black - Idle.anim using Guid(7e2bb49daf1292e459ee9356d335561c) Importer(815301076,1909f56bfc062723c751e8b465ee728b)  -> (artifact id: '753b8a5eb4b1fb892d304a54517ecd38') in 0.003652 seconds
  Import took 0.006128 seconds .

========================================================================
Received Import Request.
  Time since last request: 1.260709 seconds.
  path: Assets/Animations/UI/Black - Start Scene.anim
  artifactKey: Guid(12381d21ed6a72e4aa62240e64a822e0) Importer(815301076,1909f56bfc062723c751e8b465ee728b)
Start importing Assets/Animations/UI/Black - Start Scene.anim using Guid(12381d21ed6a72e4aa62240e64a822e0) Importer(815301076,1909f56bfc062723c751e8b465ee728b)  -> (artifact id: 'a729145c51df3e2c94c6c16f2d915e56') in 0.007326 seconds
  Import took 0.009787 seconds .

========================================================================
Received Import Request.
  Time since last request: 0.001031 seconds.
  path: Assets/Animations/UI/Black - Start Scene.anim
  artifactKey: Guid(12381d21ed6a72e4aa62240e64a822e0) Importer(815301076,1909f56bfc062723c751e8b465ee728b)
Start importing Assets/Animations/UI/Black - Start Scene.anim using Guid(12381d21ed6a72e4aa62240e64a822e0) Importer(815301076,1909f56bfc062723c751e8b465ee728b)  -> (artifact id: 'a729145c51df3e2c94c6c16f2d915e56') in 0.003165 seconds
  Import took 0.005953 seconds .

========================================================================
Received Import Request.
  Time since last request: 262.731997 seconds.
  path: Assets/Animations/UI/UI.controller
  artifactKey: Guid(2d1aea32645d4b248a9f29e5b6b0c885) Importer(815301076,1909f56bfc062723c751e8b465ee728b)
Start importing Assets/Animations/UI/UI.controller using Guid(2d1aea32645d4b248a9f29e5b6b0c885) Importer(815301076,1909f56bfc062723c751e8b465ee728b)  -> (artifact id: '02b8b1e97bc8211afa734bd45577e13d') in 0.006108 seconds
  Import took 0.009128 seconds .

========================================================================
Received Import Request.
  Time since last request: 71.631012 seconds.
  path: Assets/Scripts/OpeningMenu.cs
  artifactKey: Guid(e89850d03d05fc3468fe93cc425493c1) Importer(815301076,1909f56bfc062723c751e8b465ee728b)
Start importing Assets/Scripts/OpeningMenu.cs using Guid(e89850d03d05fc3468fe93cc425493c1) Importer(815301076,1909f56bfc062723c751e8b465ee728b)  -> (artifact id: '42f80dd1403771a00c327de6f637f849') in 0.015693 seconds
  Import took 0.018101 seconds .

========================================================================
Received Import Request.
  Time since last request: 1.180987 seconds.
  path: Assets/Scripts/cameraSwitch.cs
  artifactKey: Guid(f8701ace40040cd4b9159520488d59e7) Importer(815301076,1909f56bfc062723c751e8b465ee728b)
Start importing Assets/Scripts/cameraSwitch.cs using Guid(f8701ace40040cd4b9159520488d59e7) Importer(815301076,1909f56bfc062723c751e8b465ee728b)  -> (artifact id: '34fb18cabbccf7372a679c3a74a3249a') in 0.008122 seconds
  Import took 0.010766 seconds .

========================================================================
Received Import Request.
  Time since last request: 0.956692 seconds.
  path: Assets/Scripts/PlayerController.cs
  artifactKey: Guid(e5273cd41ac3c5246965ef9469d10dd7) Importer(815301076,1909f56bfc062723c751e8b465ee728b)
Start importing Assets/Scripts/PlayerController.cs using Guid(e5273cd41ac3c5246965ef9469d10dd7) Importer(815301076,1909f56bfc062723c751e8b465ee728b)  -> (artifact id: '1b58f6dadce0ab4b465149134356593a') in 0.006464 seconds
  Import took 0.009165 seconds .

========================================================================
Received Prepare
Registering precompiled user dll's ...
Registered in 0.000917 seconds.
Begin MonoManager ReloadAssembly
Native extension for WindowsStandalone target not found
Refreshing native plugins compatible for Editor in 0.34 ms, found 1 plugins.
Preloading 0 native plugins for Editor in 0.00 ms.
Invoked RoslynAnalysisRunner static constructor.
RoslynAnalysisRunner will not be running.
RoslynAnalysisRunner has terminated.
Mono: successfully reloaded assembly
- Completed reload, in  0.779 seconds
Platform modules already initialized, skipping
Refreshing native plugins compatible for Editor in 0.32 ms, found 1 plugins.
Preloading 0 native plugins for Editor in 0.00 ms.
Unloading 1914 Unused Serialized files (Serialized files now loaded: 0)
System memory in use before: 89.6 MB.
System memory in use after: 89.7 MB.

Unloading 9 unused Assets to reduce memory usage. Loaded Objects now: 2389.
Total: 2.160600 ms (FindLiveObjects: 0.268600 ms CreateObjectMapping: 0.105500 ms MarkObjects: 1.770800 ms  DeleteObjects: 0.014300 ms)

========================================================================
Received Prepare
Registering precompiled user dll's ...
Registered in 0.000954 seconds.
Begin MonoManager ReloadAssembly
Native extension for WindowsStandalone target not found
Refreshing native plugins compatible for Editor in 0.51 ms, found 1 plugins.
Preloading 0 native plugins for Editor in 0.00 ms.
Invoked RoslynAnalysisRunner static constructor.
RoslynAnalysisRunner will not be running.
RoslynAnalysisRunner has terminated.
Mono: successfully reloaded assembly
- Completed reload, in  0.771 seconds
Platform modules already initialized, skipping
Refreshing native plugins compatible for Editor in 0.32 ms, found 1 plugins.
Preloading 0 native plugins for Editor in 0.00 ms.
Unloading 1914 Unused Serialized files (Serialized files now loaded: 0)
System memory in use before: 89.8 MB.
System memory in use after: 89.9 MB.

Unloading 9 unused Assets to reduce memory usage. Loaded Objects now: 2391.
Total: 1.556500 ms (FindLiveObjects: 0.155600 ms CreateObjectMapping: 0.069700 ms MarkObjects: 1.318900 ms  DeleteObjects: 0.011700 ms)

========================================================================
Received Import Request.
  Time since last request: 158.691047 seconds.
  path: Assets/Animations/UI/UI.controller
  artifactKey: Guid(2d1aea32645d4b248a9f29e5b6b0c885) Importer(815301076,1909f56bfc062723c751e8b465ee728b)
Start importing Assets/Animations/UI/UI.controller using Guid(2d1aea32645d4b248a9f29e5b6b0c885) Importer(815301076,1909f56bfc062723c751e8b465ee728b)  -> (artifact id: '14d6cdcb1fa5303cfff4ae74b976a0d2') in 0.013605 seconds
  Import took 0.017029 seconds .

AssetImportWorkerClient::OnTransportError - code=2 error=End of file
