Using pre-set license
Built from '2020.2/release' branch; Version is '2020.2.2f1 (068178b99f32) revision 426360'; Using compiler version '192528614'; Build Type 'Release'
OS: 'Windows 10 Home; OS build 19042.746; Version 2009; 64bit' Language: 'en' Physical Memory: 16322 MB
BatchMode: 1, IsHumanControllingUs: 0, StartBugReporterOnCrash: 0, Is64bit: 1, IsPro: 0

 COMMAND LINE ARGUMENTS:
C:\Program Files\Unity\Hub\Editor\2020.2.2f1\Editor\Unity.exe
-adb2
-batchMode
-noUpm
-name
AssetImportWorker0
-projectPath
C:/Users/Griffin/Documents/GitHub/BWPlatformer/BW Platformer
-logFile
Logs/AssetImportWorker0.log
-srvPort
62864
Successfully changed project path to: C:/Users/Griffin/Documents/GitHub/BWPlatformer/BW Platformer
C:/Users/Griffin/Documents/GitHub/BWPlatformer/BW Platformer
Using Asset Import Pipeline V2.
Refreshing native plugins compatible for Editor in 36.67 ms, found 1 plugins.
Preloading 0 native plugins for Editor in 0.00 ms.
Initialize engine version: 2020.2.2f1 (068178b99f32)
[Subsystems] Discovering subsystems at path C:/Program Files/Unity/Hub/Editor/2020.2.2f1/Editor/Data/Resources/UnitySubsystems
[Subsystems] Discovering subsystems at path C:/Users/Griffin/Documents/GitHub/BWPlatformer/BW Platformer/Assets
GfxDevice: creating device client; threaded=0
Direct3D:
    Version:  Direct3D 11.0 [level 11.1]
    Renderer: NVIDIA GeForce RTX 2060 (ID=0x1f08)
    Vendor:   
    VRAM:     5980 MB
    Driver:   27.21.14.5671
Initialize mono
Mono path[0] = 'C:/Program Files/Unity/Hub/Editor/2020.2.2f1/Editor/Data/Managed'
Mono path[1] = 'C:/Program Files/Unity/Hub/Editor/2020.2.2f1/Editor/Data/MonoBleedingEdge/lib/mono/unityjit'
Mono config path = 'C:/Program Files/Unity/Hub/Editor/2020.2.2f1/Editor/Data/MonoBleedingEdge/etc'
Using monoOptions --debugger-agent=transport=dt_socket,embedding=1,server=y,suspend=n,address=127.0.0.1:56304
Begin MonoManager ReloadAssembly
Registering precompiled unity dll's ...
Register platform support module: C:/Program Files/Unity/Hub/Editor/2020.2.2f1/Editor/Data/PlaybackEngines/WindowsStandaloneSupport/UnityEditor.WindowsStandalone.Extensions.dll
Registered in 0.001720 seconds.
Native extension for WindowsStandalone target not found
Refreshing native plugins compatible for Editor in 35.15 ms, found 1 plugins.
Preloading 0 native plugins for Editor in 0.00 ms.
Invoked RoslynAnalysisRunner static constructor.
RoslynAnalysisRunner will not be running.
RoslynAnalysisRunner has terminated.
Mono: successfully reloaded assembly
- Completed reload, in  0.993 seconds
Platform modules already initialized, skipping
Registering precompiled user dll's ...
Registered in 0.001393 seconds.
Begin MonoManager ReloadAssembly
Native extension for WindowsStandalone target not found
Refreshing native plugins compatible for Editor in 49.22 ms, found 1 plugins.
Preloading 0 native plugins for Editor in 0.00 ms.
Invoked RoslynAnalysisRunner static constructor.
RoslynAnalysisRunner will not be running.
RoslynAnalysisRunner has terminated.
Mono: successfully reloaded assembly
- Completed reload, in  0.864 seconds
Platform modules already initialized, skipping
========================================================================
Worker process is ready to serve import requests
Launched and connected shader compiler UnityShaderCompiler.exe after 0.05 seconds
Refreshing native plugins compatible for Editor in 0.53 ms, found 1 plugins.
Preloading 0 native plugins for Editor in 0.00 ms.
Unloading 1936 Unused Serialized files (Serialized files now loaded: 0)
System memory in use before: 90.8 MB.
System memory in use after: 90.8 MB.

Unloading 20 unused Assets to reduce memory usage. Loaded Objects now: 2384.
Total: 1.954300 ms (FindLiveObjects: 0.208200 ms CreateObjectMapping: 0.118400 ms MarkObjects: 1.570300 ms  DeleteObjects: 0.056400 ms)

========================================================================
Received Import Request.
  path: Assets/Sprites/door/door0000.png
  artifactKey: Guid(a51cc9675673ac94aa29afb59cb20488) Importer(815301076,1909f56bfc062723c751e8b465ee728b)
Start importing Assets/Sprites/door/door0000.png using Guid(a51cc9675673ac94aa29afb59cb20488) Importer(815301076,1909f56bfc062723c751e8b465ee728b)  -> (artifact id: 'aba202007041d08a45c604a43337b2ea') in 0.131687 seconds
  Import took 0.134237 seconds .

========================================================================
Received Import Request.
  Time since last request: 0.000209 seconds.
  path: Assets/Sprites/door/door0003.png
  artifactKey: Guid(8f31b20b8f98bd7429912d3227b5a8f2) Importer(815301076,1909f56bfc062723c751e8b465ee728b)
Start importing Assets/Sprites/door/door0003.png using Guid(8f31b20b8f98bd7429912d3227b5a8f2) Importer(815301076,1909f56bfc062723c751e8b465ee728b)  -> (artifact id: 'ce8e677e169d780c4d639315822b5c06') in 0.021399 seconds
  Import took 0.023812 seconds .

========================================================================
Received Import Request.
  Time since last request: 0.000145 seconds.
  path: Assets/Sprites/door/door0007.png
  artifactKey: Guid(bd5785c8ab5452b4f99671aa46fcce79) Importer(815301076,1909f56bfc062723c751e8b465ee728b)
Start importing Assets/Sprites/door/door0007.png using Guid(bd5785c8ab5452b4f99671aa46fcce79) Importer(815301076,1909f56bfc062723c751e8b465ee728b)  -> (artifact id: '1e3b41216ebf22cc2d18ebfbc34662d1') in 0.020429 seconds
  Import took 0.023123 seconds .

========================================================================
Received Import Request.
  Time since last request: 0.000173 seconds.
  path: Assets/Sprites/door/door0009.png
  artifactKey: Guid(3930d4e91e0d7354197a2cf7eb20d6c0) Importer(815301076,1909f56bfc062723c751e8b465ee728b)
Start importing Assets/Sprites/door/door0009.png using Guid(3930d4e91e0d7354197a2cf7eb20d6c0) Importer(815301076,1909f56bfc062723c751e8b465ee728b)  -> (artifact id: '53404d3c177a1697c67129fbcc562156') in 0.020792 seconds
  Import took 0.023486 seconds .

========================================================================
Received Import Request.
  Time since last request: 0.000148 seconds.
  path: Assets/Sprites/door/door0001.png
  artifactKey: Guid(804939b4d92e5844593d57eee4819730) Importer(815301076,1909f56bfc062723c751e8b465ee728b)
Start importing Assets/Sprites/door/door0001.png using Guid(804939b4d92e5844593d57eee4819730) Importer(815301076,1909f56bfc062723c751e8b465ee728b)  -> (artifact id: '6458ea6ae7302bd5dda6834a9ec8db1d') in 0.016691 seconds
  Import took 0.019205 seconds .

========================================================================
Received Import Request.
  Time since last request: 0.000138 seconds.
  path: Assets/Sprites/door/door0005.png
  artifactKey: Guid(c4e21ee58c2f9b446b3a8112ba2392f7) Importer(815301076,1909f56bfc062723c751e8b465ee728b)
Start importing Assets/Sprites/door/door0005.png using Guid(c4e21ee58c2f9b446b3a8112ba2392f7) Importer(815301076,1909f56bfc062723c751e8b465ee728b)  -> (artifact id: 'f2b70e1ba343014ad2d9d6e57cb0ee9d') in 0.020051 seconds
  Import took 0.022986 seconds .

========================================================================
Received Import Request.
  Time since last request: 0.000178 seconds.
  path: Assets/Sprites/door/door0004.png
  artifactKey: Guid(f56f636d85c352a479875d372816aa9e) Importer(815301076,1909f56bfc062723c751e8b465ee728b)
Start importing Assets/Sprites/door/door0004.png using Guid(f56f636d85c352a479875d372816aa9e) Importer(815301076,1909f56bfc062723c751e8b465ee728b)  -> (artifact id: '2d9ec4b667aad15373fcda2ae843a584') in 0.021047 seconds
  Import took 0.023800 seconds .

========================================================================
Received Import Request.
  Time since last request: 0.000148 seconds.
  path: Assets/Sprites/door/door0002.png
  artifactKey: Guid(ca44c558b611bf64280669561ddf3348) Importer(815301076,1909f56bfc062723c751e8b465ee728b)
Start importing Assets/Sprites/door/door0002.png using Guid(ca44c558b611bf64280669561ddf3348) Importer(815301076,1909f56bfc062723c751e8b465ee728b)  -> (artifact id: 'fce5416743c25b25acf3670c422980fa') in 0.015741 seconds
  Import took 0.018535 seconds .

========================================================================
Received Import Request.
  Time since last request: 0.000361 seconds.
  path: Assets/Sprites/door/door0006.png
  artifactKey: Guid(bb5cdfeba8978944ead7e123e49bbfc5) Importer(815301076,1909f56bfc062723c751e8b465ee728b)
Start importing Assets/Sprites/door/door0006.png using Guid(bb5cdfeba8978944ead7e123e49bbfc5) Importer(815301076,1909f56bfc062723c751e8b465ee728b)  -> (artifact id: '8ecfd686876803549cabae076dfa37fd') in 0.024761 seconds
  Import took 0.027839 seconds .

========================================================================
Received Import Request.
  Time since last request: 0.000145 seconds.
  path: Assets/Sprites/door
  artifactKey: Guid(51440855a7ea19f4e9b3dfbc9ff1cb8b) Importer(815301076,1909f56bfc062723c751e8b465ee728b)
Start importing Assets/Sprites/door using Guid(51440855a7ea19f4e9b3dfbc9ff1cb8b) Importer(815301076,1909f56bfc062723c751e8b465ee728b)  -> (artifact id: '2b3eba77347d21d94af7d19f4499b5da') in 0.007208 seconds
  Import took 0.009683 seconds .

========================================================================
Received Import Request.
  Time since last request: 0.000193 seconds.
  path: Assets/Sprites/door/door0008.png
  artifactKey: Guid(6a0e258364eea394fbf0e4dcca028d02) Importer(815301076,1909f56bfc062723c751e8b465ee728b)
Start importing Assets/Sprites/door/door0008.png using Guid(6a0e258364eea394fbf0e4dcca028d02) Importer(815301076,1909f56bfc062723c751e8b465ee728b)  -> (artifact id: '78bf4ae945a0b92a1544feaf874854c8') in 0.020027 seconds
  Import took 0.023282 seconds .

========================================================================
Received Import Request.
  Time since last request: 71.492956 seconds.
  path: Assets/Sprites/player_idle/player0000.png
  artifactKey: Guid(8c074e3723d45af40a358a5440446843) Importer(815301076,1909f56bfc062723c751e8b465ee728b)
Start importing Assets/Sprites/player_idle/player0000.png using Guid(8c074e3723d45af40a358a5440446843) Importer(815301076,1909f56bfc062723c751e8b465ee728b)  -> (artifact id: '0d265724840d7e718fe1310a9c7350f9') in 0.021645 seconds
  Import took 0.024571 seconds .

========================================================================
Received Import Request.
  Time since last request: 0.000233 seconds.
  path: Assets/Sprites/player_idle/player0001.png
  artifactKey: Guid(5835055fb40b1644790d59573c5c4ecd) Importer(815301076,1909f56bfc062723c751e8b465ee728b)
Start importing Assets/Sprites/player_idle/player0001.png using Guid(5835055fb40b1644790d59573c5c4ecd) Importer(815301076,1909f56bfc062723c751e8b465ee728b)  -> (artifact id: '71c713dd3f60d7ff5b5c3bc5e9abf6c3') in 0.027313 seconds
  Import took 0.029808 seconds .

========================================================================
Received Import Request.
  Time since last request: 0.000240 seconds.
  path: Assets/Sprites/player_idle/player0003.png
  artifactKey: Guid(f421f4407be79f1478ff3a4ae26512d1) Importer(815301076,1909f56bfc062723c751e8b465ee728b)
Start importing Assets/Sprites/player_idle/player0003.png using Guid(f421f4407be79f1478ff3a4ae26512d1) Importer(815301076,1909f56bfc062723c751e8b465ee728b)  -> (artifact id: 'b8359c61f43604874468a8444eec636d') in 0.030983 seconds
  Import took 0.033576 seconds .

========================================================================
Received Import Request.
  Time since last request: 0.000266 seconds.
  path: Assets/Sprites/player_idle/player0002.png
  artifactKey: Guid(86548506de20e00429a8fb6d6bae8634) Importer(815301076,1909f56bfc062723c751e8b465ee728b)
Start importing Assets/Sprites/player_idle/player0002.png using Guid(86548506de20e00429a8fb6d6bae8634) Importer(815301076,1909f56bfc062723c751e8b465ee728b)  -> (artifact id: '7a036d361a64b7ec767201440cadb0e5') in 0.030874 seconds
  Import took 0.033330 seconds .

========================================================================
Received Import Request.
  Time since last request: 7.313624 seconds.
  path: Assets/Prefabs/UI.prefab
  artifactKey: Guid(7327d88e137f4bf49ab9c694f42de4a3) Importer(815301076,1909f56bfc062723c751e8b465ee728b)
Start importing Assets/Prefabs/UI.prefab using Guid(7327d88e137f4bf49ab9c694f42de4a3) Importer(815301076,1909f56bfc062723c751e8b465ee728b)  -> (artifact id: '3916898916fe0ade3bc715011bbe5045') in 0.064781 seconds
  Import took 0.068301 seconds .

AssetImportWorkerClient::OnTransportError - code=2 error=End of file
